save_to:/home/adminuser/xscreensaver_by_pics/result_data
start time: 2014-09-18 07:59:19
delay 36.6714565313853 seconds
start time after delay: 2014-09-18 07:59:19
latest version is 1
old version is 0
download http://img3.3lian.com/2013/c2/80/d/1.jpg successfully to /home/adminuser/xscreensaver_by_pics/result_data/38CE856E-3F2B-11E4-8F1A-E2B81A8914DF/0.jpg
download http://www.bz889.com/uploads/allimg/120613/1-1206131Z537.jpg successfully to /home/adminuser/xscreensaver_by_pics/result_data/38CE856E-3F2B-11E4-8F1A-E2B81A8914DF/1.jpg
download http://www.hyrc.cn/upfile/3/200611/1123539053c7e.jpg successfully to /home/adminuser/xscreensaver_by_pics/result_data/38CE856E-3F2B-11E4-8F1A-E2B81A8914DF/2.jpg
download http://img3.3lian.com/2013/c3/52/d/19.jpg successfully to /home/adminuser/xscreensaver_by_pics/result_data/38CE856E-3F2B-11E4-8F1A-E2B81A8914DF/3.jpg
download http://pic4.bbzhi.com/fengjingbizhi/19cunziranfengjingzhuomianbizhi/19cunziranfengjingzhuomianbizhi_349172_10.jpg successfully to /home/adminuser/xscreensaver_by_pics/result_data/38CE856E-3F2B-11E4-8F1A-E2B81A8914DF/4.jpg
download http://pic5.bbzhi.com/fengjingbizhi/gonglufengjingbizhi/gonglufengjingbizhi_441912_4.jpg successfully to /home/adminuser/xscreensaver_by_pics/result_data/38CE856E-3F2B-11E4-8F1A-E2B81A8914DF/5.jpg
download http://www.qqya.com/userimg/863/130224121321.jpg successfully to /home/adminuser/xscreensaver_by_pics/result_data/38CE856E-3F2B-11E4-8F1A-E2B81A8914DF/6.jpg
download http://pic5.bbzhi.com/fengjingbizhi/shanshuifengjingbizhi/shanshuifengjingbizhi_435514_10.jpg successfully to /home/adminuser/xscreensaver_by_pics/result_data/38CE856E-3F2B-11E4-8F1A-E2B81A8914DF/7.jpg
download http://img6.3lian.com/c23/desk2/12/10/01.jpg successfully to /home/adminuser/xscreensaver_by_pics/result_data/38CE856E-3F2B-11E4-8F1A-E2B81A8914DF/8.jpg
download http://pic1.bbzhi.com/renwenbizhi/aozhouxinifengjingsheyingji/human_sydney_australia_2996_10.jpg successfully to /home/adminuser/xscreensaver_by_pics/result_data/38CE856E-3F2B-11E4-8F1A-E2B81A8914DF/9.jpg
remove /home/adminuser/xscreensaver_by_pics/result_data/current.bak
rename from /home/adminuser/xscreensaver_by_pics/result_data/current to /home/adminuser/xscreensaver_by_pics/result_data/current.bak
rename from /home/adminuser/xscreensaver_by_pics/result_data/38CE856E-3F2B-11E4-8F1A-E2B81A8914DF to /home/adminuser/xscreensaver_by_pics/result_data/current
symlink from /home/adminuser/xscreensaver_by_pics/result_data/current to /home/adminuser/xscreensaver_by_pics/result_data/used
end time: 2014-09-18 08:04:36
